c:\users\warfa\source\repos\proyecto2avanzada_calendario\proyecto2avanzada_calendario\debug\vc141.pdb
c:\users\warfa\source\repos\proyecto2avanzada_calendario\proyecto2avanzada_calendario\debug\recordatorios.obj
c:\users\warfa\source\repos\proyecto2avanzada_calendario\proyecto2avanzada_calendario\debug\myform2.obj
c:\users\warfa\source\repos\proyecto2avanzada_calendario\proyecto2avanzada_calendario\debug\myform1.obj
c:\users\warfa\source\repos\proyecto2avanzada_calendario\proyecto2avanzada_calendario\debug\myform.obj
c:\users\warfa\source\repos\proyecto2avanzada_calendario\proyecto2avanzada_calendario\debug\eventosregistrados.obj
c:\users\warfa\source\repos\proyecto2avanzada_calendario\proyecto2avanzada_calendario\debug\eventosconhoralimite.obj
c:\users\warfa\source\repos\proyecto2avanzada_calendario\proyecto2avanzada_calendario\debug\eventos.obj
c:\users\warfa\source\repos\proyecto2avanzada_calendario\proyecto2avanzada_calendario\debug\dia.obj
c:\users\warfa\source\repos\proyecto2avanzada_calendario\proyecto2avanzada_calendario\debug\claseusuario.obj
c:\users\warfa\source\repos\proyecto2avanzada_calendario\proyecto2avanzada_calendario\debug\alarmas.obj
c:\users\warfa\source\repos\proyecto2avanzada_calendario\proyecto2avanzada_calendario\debug\actividades.obj
c:\users\warfa\source\repos\proyecto2avanzada_calendario\proyecto2avanzada_calendario\debug\.netframework,version=v4.6.1.assemblyattributes.obj
c:\users\warfa\source\repos\proyecto2avanzada_calendario\proyecto2avanzada_calendario\debug\.netframework,version=v4.6.1.assemblyattributes.asm
c:\users\warfa\source\repos\proyecto2avanzada_calendario\proyecto2avanzada_calendario\debug\myform3.obj
c:\users\warfa\source\repos\proyecto2avanzada_calendario\proyecto2avanzada_calendario\debug\usuarios.obj
c:\users\warfa\source\repos\proyecto2avanzada_calendario\debug\proyecto2avanzada_calendario.exe
c:\users\warfa\source\repos\proyecto2avanzada_calendario\debug\proyecto2avanzada_calendario.pdb
c:\users\warfa\source\repos\proyecto2avanzada_calendario\proyecto2avanzada_calendario\debug\proyecto2avanzadacalendario.myform.resources
c:\users\warfa\source\repos\proyecto2avanzada_calendario\proyecto2avanzada_calendario\debug\proyecto2avanzadacalendario.myform1.resources
c:\users\warfa\source\repos\proyecto2avanzada_calendario\proyecto2avanzada_calendario\debug\proyecto2avanzadacalendario.myform3.resources
c:\users\warfa\source\repos\proyecto2avanzada_calendario\proyecto2avanzada_calendario\debug\proyecto2avanzada_calendario.vcxproj.generateresource.cache
c:\users\warfa\source\repos\proyecto2avanzada_calendario\proyecto2avanzada_calendario\debug\proyecto2avanzada_calendario.vcxprojassemblyreference.cache
c:\users\warfa\source\repos\proyecto2avanzada_calendario\proyecto2avanzada_calendario\debug\proyecto.779939f5.tlog\cl.command.1.tlog
c:\users\warfa\source\repos\proyecto2avanzada_calendario\proyecto2avanzada_calendario\debug\proyecto.779939f5.tlog\cl.read.1.tlog
c:\users\warfa\source\repos\proyecto2avanzada_calendario\proyecto2avanzada_calendario\debug\proyecto.779939f5.tlog\cl.write.1.tlog
c:\users\warfa\source\repos\proyecto2avanzada_calendario\proyecto2avanzada_calendario\debug\proyecto.779939f5.tlog\link.command.1.tlog
c:\users\warfa\source\repos\proyecto2avanzada_calendario\proyecto2avanzada_calendario\debug\proyecto.779939f5.tlog\link.read.1.tlog
c:\users\warfa\source\repos\proyecto2avanzada_calendario\proyecto2avanzada_calendario\debug\proyecto.779939f5.tlog\link.write.1.tlog
c:\users\warfa\source\repos\proyecto2avanzada_calendario\proyecto2avanzada_calendario\debug\proyecto.779939f5.tlog\metagen.read.1.tlog
c:\users\warfa\source\repos\proyecto2avanzada_calendario\proyecto2avanzada_calendario\debug\proyecto.779939f5.tlog\metagen.write.1.tlog
c:\users\warfa\source\repos\proyecto2avanzada_calendario\proyecto2avanzada_calendario\debug\proyecto.779939f5.tlog\proyecto2avanzada_calendario.write.1u.tlog
